# Logfile created on 2014-03-03 15:07:54 -0800 by logger.rb/41954
I, [2014-03-03T15:07:54.941547 #5335]  INFO -- : 0:  rake (10.1.1) from /Users/hcatlin/.rvm/gems/ruby-2.0.0-p353/specifications/rake-10.1.1.gemspec
I, [2014-03-03T15:07:54.943416 #5335]  INFO -- : 0:  i18n (0.6.9) from /Users/hcatlin/.rvm/gems/ruby-2.0.0-p353/specifications/i18n-0.6.9.gemspec
I, [2014-03-03T15:07:54.943859 #5335]  INFO -- : 0:  minitest (4.7.5) from /Users/hcatlin/.rvm/gems/ruby-2.0.0-p353/specifications/minitest-4.7.5.gemspec
I, [2014-03-03T15:07:54.944227 #5335]  INFO -- : 0:  multi_json (1.8.4) from /Users/hcatlin/.rvm/gems/ruby-2.0.0-p353/specifications/multi_json-1.8.4.gemspec
I, [2014-03-03T15:07:54.944592 #5335]  INFO -- : 0:  atomic (1.1.15) from /Users/hcatlin/.rvm/gems/ruby-2.0.0-p353/specifications/atomic-1.1.15.gemspec
I, [2014-03-03T15:07:54.944963 #5335]  INFO -- : 0:  thread_safe (0.2.0) from /Users/hcatlin/.rvm/gems/ruby-2.0.0-p353/specifications/thread_safe-0.2.0.gemspec
I, [2014-03-03T15:07:54.945325 #5335]  INFO -- : 0:  tzinfo (0.3.38) from /Users/hcatlin/.rvm/gems/ruby-2.0.0-p353/specifications/tzinfo-0.3.38.gemspec
I, [2014-03-03T15:07:54.945681 #5335]  INFO -- : 0:  activesupport (4.0.3) from /Users/hcatlin/.rvm/gems/ruby-2.0.0-p353/specifications/activesupport-4.0.3.gemspec
I, [2014-03-03T15:07:54.946033 #5335]  INFO -- : 0:  builder (3.1.4) from /Users/hcatlin/.rvm/gems/ruby-2.0.0-p353/specifications/builder-3.1.4.gemspec
I, [2014-03-03T15:07:54.946331 #5335]  INFO -- : 0:  erubis (2.7.0) from /Users/hcatlin/.rvm/gems/ruby-2.0.0-p353/specifications/erubis-2.7.0.gemspec
I, [2014-03-03T15:07:54.946630 #5335]  INFO -- : 0:  rack (1.5.2) from /Users/hcatlin/.rvm/gems/ruby-2.0.0-p353/specifications/rack-1.5.2.gemspec
I, [2014-03-03T15:07:54.946924 #5335]  INFO -- : 0:  rack-test (0.6.2) from /Users/hcatlin/.rvm/gems/ruby-2.0.0-p353/specifications/rack-test-0.6.2.gemspec
I, [2014-03-03T15:07:54.947226 #5335]  INFO -- : 0:  actionpack (4.0.3) from /Users/hcatlin/.rvm/gems/ruby-2.0.0-p353/specifications/actionpack-4.0.3.gemspec
I, [2014-03-03T15:07:54.947528 #5335]  INFO -- : 0:  mime-types (1.25.1) from /Users/hcatlin/.rvm/gems/ruby-2.0.0-p353/specifications/mime-types-1.25.1.gemspec
I, [2014-03-03T15:07:54.947831 #5335]  INFO -- : 0:  polyglot (0.3.4) from /Users/hcatlin/.rvm/gems/ruby-2.0.0-p353/specifications/polyglot-0.3.4.gemspec
I, [2014-03-03T15:07:54.948127 #5335]  INFO -- : 0:  treetop (1.4.15) from /Users/hcatlin/.rvm/gems/ruby-2.0.0-p353/specifications/treetop-1.4.15.gemspec
I, [2014-03-03T15:07:54.948461 #5335]  INFO -- : 0:  mail (2.5.4) from /Users/hcatlin/.rvm/gems/ruby-2.0.0-p353/specifications/mail-2.5.4.gemspec
I, [2014-03-03T15:07:54.948788 #5335]  INFO -- : 0:  actionmailer (4.0.3) from /Users/hcatlin/.rvm/gems/ruby-2.0.0-p353/specifications/actionmailer-4.0.3.gemspec
I, [2014-03-03T15:07:54.949016 #5335]  INFO -- : 0:  activemodel (4.0.3) from /Users/hcatlin/.rvm/gems/ruby-2.0.0-p353/specifications/activemodel-4.0.3.gemspec
I, [2014-03-03T15:07:54.949233 #5335]  INFO -- : 0:  activerecord-deprecated_finders (1.0.3) from /Users/hcatlin/.rvm/gems/ruby-2.0.0-p353/specifications/activerecord-deprecated_finders-1.0.3.gemspec
I, [2014-03-03T15:07:54.949454 #5335]  INFO -- : 0:  arel (4.0.2) from /Users/hcatlin/.rvm/gems/ruby-2.0.0-p353/specifications/arel-4.0.2.gemspec
I, [2014-03-03T15:07:54.949669 #5335]  INFO -- : 0:  activerecord (4.0.3) from /Users/hcatlin/.rvm/gems/ruby-2.0.0-p353/specifications/activerecord-4.0.3.gemspec
I, [2014-03-03T15:07:54.949886 #5335]  INFO -- : 0:  coffee-script-source (1.7.0) from /Users/hcatlin/.rvm/gems/ruby-2.0.0-p353/specifications/coffee-script-source-1.7.0.gemspec
I, [2014-03-03T15:07:54.950099 #5335]  INFO -- : 0:  execjs (2.0.2) from /Users/hcatlin/.rvm/gems/ruby-2.0.0-p353/specifications/execjs-2.0.2.gemspec
I, [2014-03-03T15:07:54.950308 #5335]  INFO -- : 0:  coffee-script (2.2.0) from /Users/hcatlin/.rvm/gems/ruby-2.0.0-p353/specifications/coffee-script-2.2.0.gemspec
I, [2014-03-03T15:07:54.950514 #5335]  INFO -- : 0:  thor (0.18.1) from /Users/hcatlin/.rvm/gems/ruby-2.0.0-p353/specifications/thor-0.18.1.gemspec
I, [2014-03-03T15:07:54.950749 #5335]  INFO -- : 0:  railties (4.0.3) from /Users/hcatlin/.rvm/gems/ruby-2.0.0-p353/specifications/railties-4.0.3.gemspec
I, [2014-03-03T15:07:54.950956 #5335]  INFO -- : 0:  coffee-rails (4.0.1) from /Users/hcatlin/.rvm/gems/ruby-2.0.0-p353/specifications/coffee-rails-4.0.1.gemspec
I, [2014-03-03T15:07:54.951165 #5335]  INFO -- : 0:  hike (1.2.3) from /Users/hcatlin/.rvm/gems/ruby-2.0.0-p353/specifications/hike-1.2.3.gemspec
I, [2014-03-03T15:07:54.951373 #5335]  INFO -- : 0:  jbuilder (1.5.3) from /Users/hcatlin/.rvm/gems/ruby-2.0.0-p353/specifications/jbuilder-1.5.3.gemspec
I, [2014-03-03T15:07:54.951785 #5335]  INFO -- : 0:  jquery-rails (3.1.0) from /Users/hcatlin/.rvm/gems/ruby-2.0.0-p353/specifications/jquery-rails-3.1.0.gemspec
I, [2014-03-03T15:07:54.952155 #5335]  INFO -- : 0:  json (1.8.1) from /Users/hcatlin/.rvm/gems/ruby-2.0.0-p353/specifications/json-1.8.1.gemspec
I, [2014-03-03T15:07:54.952498 #5335]  INFO -- : 0:  mysql2 (0.3.15) from /Users/hcatlin/.rvm/gems/ruby-2.0.0-p353/specifications/mysql2-0.3.15.gemspec
I, [2014-03-03T15:07:54.952827 #5335]  INFO -- : 0:  bundler (1.5.1) from /Users/hcatlin/.rvm/gems/ruby-2.0.0-p353@global/specifications/bundler-1.5.1.gemspec
I, [2014-03-03T15:07:54.953092 #5335]  INFO -- : 0:  tilt (1.4.1) from /Users/hcatlin/.rvm/gems/ruby-2.0.0-p353/specifications/tilt-1.4.1.gemspec
I, [2014-03-03T15:07:54.953354 #5335]  INFO -- : 0:  sprockets (2.11.0) from /Users/hcatlin/.rvm/gems/ruby-2.0.0-p353/specifications/sprockets-2.11.0.gemspec
I, [2014-03-03T15:07:54.953608 #5335]  INFO -- : 0:  sprockets-rails (2.0.1) from /Users/hcatlin/.rvm/gems/ruby-2.0.0-p353/specifications/sprockets-rails-2.0.1.gemspec
I, [2014-03-03T15:07:54.953863 #5335]  INFO -- : 0:  rails (4.0.3) from /Users/hcatlin/.rvm/gems/ruby-2.0.0-p353/specifications/rails-4.0.3.gemspec
I, [2014-03-03T15:07:54.954126 #5335]  INFO -- : 0:  rdoc (4.1.1) from /Users/hcatlin/.rvm/gems/ruby-2.0.0-p353/specifications/rdoc-4.1.1.gemspec
I, [2014-03-03T15:07:54.954392 #5335]  INFO -- : 0:  sass (3.2.14) from /Users/hcatlin/.rvm/gems/ruby-2.0.0-p353/specifications/sass-3.2.14.gemspec
I, [2014-03-03T15:07:54.954648 #5335]  INFO -- : 0:  sass-rails (4.0.1) from /Users/hcatlin/.rvm/gems/ruby-2.0.0-p353/specifications/sass-rails-4.0.1.gemspec
I, [2014-03-03T15:07:54.954902 #5335]  INFO -- : 0:  sdoc (0.4.0) from /Users/hcatlin/.rvm/gems/ruby-2.0.0-p353/specifications/sdoc-0.4.0.gemspec
I, [2014-03-03T15:07:54.955157 #5335]  INFO -- : 0:  turbolinks (2.2.1) from /Users/hcatlin/.rvm/gems/ruby-2.0.0-p353/specifications/turbolinks-2.2.1.gemspec
I, [2014-03-03T15:07:54.955409 #5335]  INFO -- : 0:  uglifier (2.4.0) from /Users/hcatlin/.rvm/gems/ruby-2.0.0-p353/specifications/uglifier-2.4.0.gemspec
